0 info it worked if it ends with ok
1 verbose cli [ '/usr/local/bin/node',
1 verbose cli   '/usr/local/bin/npm',
1 verbose cli   'run-script',
1 verbose cli   'test' ]
2 info using npm@3.3.12
3 info using node@v5.1.0
4 verbose run-script [ 'pretest', 'test', 'posttest' ]
5 info lifecycle caidashi@1.0.0~pretest: caidashi@1.0.0
6 silly lifecycle caidashi@1.0.0~pretest: no script for pretest, continuing
7 info lifecycle caidashi@1.0.0~test: caidashi@1.0.0
8 verbose lifecycle caidashi@1.0.0~test: unsafe-perm in lifecycle true
9 verbose lifecycle caidashi@1.0.0~test: PATH: /usr/local/lib/node_modules/npm/bin/node-gyp-bin:/Users/Laggo/Desktop/cds/caidashi-wechat/node_modules/.bin:/usr/local/bin:/usr/bin:/bin:/usr/sbin:/sbin
10 verbose lifecycle caidashi@1.0.0~test: CWD: /Users/Laggo/Desktop/cds/caidashi-wechat
11 silly lifecycle caidashi@1.0.0~test: Args: [ '-c', 'echo "Error: no test specified" && exit 1' ]
12 silly lifecycle caidashi@1.0.0~test: Returned: code: 1  signal: null
13 info lifecycle caidashi@1.0.0~test: Failed to exec test script
14 verbose stack Error: caidashi@1.0.0 test: `echo "Error: no test specified" && exit 1`
14 verbose stack Exit status 1
14 verbose stack     at EventEmitter.<anonymous> (/usr/local/lib/node_modules/npm/lib/utils/lifecycle.js:232:16)
14 verbose stack     at emitTwo (events.js:87:13)
14 verbose stack     at EventEmitter.emit (events.js:172:7)
14 verbose stack     at ChildProcess.<anonymous> (/usr/local/lib/node_modules/npm/lib/utils/spawn.js:24:14)
14 verbose stack     at emitTwo (events.js:87:13)
14 verbose stack     at ChildProcess.emit (events.js:172:7)
14 verbose stack     at maybeClose (internal/child_process.js:818:16)
14 verbose stack     at Process.ChildProcess._handle.onexit (internal/child_process.js:211:5)
15 verbose pkgid caidashi@1.0.0
16 verbose cwd /Users/Laggo/Desktop/cds/caidashi-wechat
17 error Darwin 14.5.0
18 error argv "/usr/local/bin/node" "/usr/local/bin/npm" "run-script" "test"
19 error node v5.1.0
20 error npm  v3.3.12
21 error code ELIFECYCLE
22 error caidashi@1.0.0 test: `echo "Error: no test specified" && exit 1`
22 error Exit status 1
23 error Failed at the caidashi@1.0.0 test script 'echo "Error: no test specified" && exit 1'.
23 error Make sure you have the latest version of node.js and npm installed.
23 error If you do, this is most likely a problem with the caidashi package,
23 error not with npm itself.
23 error Tell the author that this fails on your system:
23 error     echo "Error: no test specified" && exit 1
23 error You can get their info via:
23 error     npm owner ls caidashi
23 error There is likely additional logging output above.
24 verbose exit [ 1, true ]
